[    0.000000] Initializing cgroup subsys cpuset
[    0.000000] Initializing cgroup subsys cpu
[    0.000000] Initializing cgroup subsys cpuacct
[    0.000000] Linux version 4.4.0-178-generic (buildd@lgw01-amd64-017) (gcc version 5.4.0 20160609 (Ubuntu 5.4.0-6ubuntu1~16.04.12) ) #208-Ubuntu SMP Sun Apr 5 23:45:10 UTC 2020 (Ubuntu 4.4.0-178.208-generic 4.4.217)
[    0.000000] Command line: BOOT_IMAGE=/boot/vmlinuz-4.4.0-178-generic root=LABEL=cloudimg-rootfs ro console=tty1 console=ttyS0
[    0.000000] KERNEL supported cpus:
[    0.000000]   Intel GenuineIntel
[    0.000000]   AMD AuthenticAMD
[    0.000000]   Centaur CentaurHauls
[    0.000000] x86/fpu: xstate_offset[2]:  576, xstate_sizes[2]:  256
[    0.000000] x86/fpu: Supporting XSAVE feature 0x01: 'x87 floating point registers'
[    0.000000] x86/fpu: Supporting XSAVE feature 0x02: 'SSE registers'
[    0.000000] x86/fpu: Supporting XSAVE feature 0x04: 'AVX registers'
[    0.000000] x86/fpu: Enabled xstate features 0x7, context size is 832 bytes, using 'standard' format.
[    0.000000] e820: BIOS-provided physical RAM map:
[    0.000000] BIOS-e820: [mem 0x0000000000000000-0x000000000009fbff] usable
[    0.000000] BIOS-e820: [mem 0x000000000009fc00-0x000000000009ffff] reserved
[    0.000000] BIOS-e820: [mem 0x00000000000f0000-0x00000000000fffff] reserved
[    0.000000] BIOS-e820: [mem 0x0000000000100000-0x000000005ffeffff] usable
[    0.000000] BIOS-e820: [mem 0x000000005fff0000-0x000000005fffffff] ACPI data
[    0.000000] BIOS-e820: [mem 0x00000000fec00000-0x00000000fec00fff] reserved
[    0.000000] BIOS-e820: [mem 0x00000000fee00000-0x00000000fee00fff] reserved
[    0.000000] BIOS-e820: [mem 0x00000000fffc0000-0x00000000ffffffff] reserved
[    0.000000] NX (Execute Disable) protection: active
[    0.000000] SMBIOS 2.5 present.
[    0.000000] Hypervisor detected: KVM
[    0.000000] e820: last_pfn = 0x5fff0 max_arch_pfn = 0x400000000
[    0.000000] MTRR: Disabled
[    0.000000] x86/PAT: MTRRs disabled, skipping PAT initialization too.
[    0.000000] CPU MTRRs all blank - virtualized system.
[    0.000000] x86/PAT: Configuration [0-7]: WB  WT  UC- UC  WB  WT  UC- UC  
[    0.000000] found SMP MP-table at [mem 0x0009fff0-0x0009ffff] mapped at [ffff88000009fff0]
[    0.000000] Scanning 1 areas for low memory corruption
[    0.000000] RAMDISK: [mem 0x362e0000-0x37167fff]
[    0.000000] ACPI: Early table checksum verification disabled
[    0.000000] ACPI: RSDP 0x00000000000E0000 000024 (v02 VBOX  )
[    0.000000] ACPI: XSDT 0x000000005FFF0030 00003C (v01 VBOX   VBOXXSDT 00000001 ASL  00000061)
[    0.000000] ACPI: FACP 0x000000005FFF00F0 0000F4 (v04 VBOX   VBOXFACP 00000001 ASL  00000061)
[    0.000000] ACPI: DSDT 0x000000005FFF0470 0021FF (v02 VBOX   VBOXBIOS 00000002 INTL 20180105)
[    0.000000] ACPI: FACS 0x000000005FFF0200 000040
[    0.000000] ACPI: FACS 0x000000005FFF0200 000040
[    0.000000] ACPI: APIC 0x000000005FFF0240 00005C (v02 VBOX   VBOXAPIC 00000001 ASL  00000061)
[    0.000000] ACPI: SSDT 0x000000005FFF02A0 0001CC (v01 VBOX   VBOXCPUT 00000002 INTL 20180105)
[    0.000000] No NUMA configuration found
[    0.000000] Faking a node at [mem 0x0000000000000000-0x000000005ffeffff]
[    0.000000] NODE_DATA(0) allocated [mem 0x5ffeb000-0x5ffeffff]
[    0.000000] kvm-clock: Using msrs 4b564d01 and 4b564d00
[    0.000000] kvm-clock: cpu 0, msr 0:5ffe3001, primary cpu clock
[    0.000000] kvm-clock: using sched offset of 7329072936 cycles
[    0.000000] clocksource: kvm-clock: mask: 0xffffffffffffffff max_cycles: 0x1cd42e4dffb, max_idle_ns: 881590591483 ns
[    0.000000] Zone ranges:
[    0.000000]   DMA      [mem 0x0000000000001000-0x0000000000ffffff]
[    0.000000]   DMA32    [mem 0x0000000001000000-0x000000005ffeffff]
[    0.000000]   Normal   empty
[    0.000000]   Device   empty
[    0.000000] Movable zone start for each node
[    0.000000] Early memory node ranges
[    0.000000]   node   0: [mem 0x0000000000001000-0x000000000009efff]
[    0.000000]   node   0: [mem 0x0000000000100000-0x000000005ffeffff]
[    0.000000] Initmem setup node 0 [mem 0x0000000000001000-0x000000005ffeffff]
[    0.000000] ACPI: PM-Timer IO Port: 0x4008
[    0.000000] IOAPIC[0]: apic_id 2, version 32, address 0xfec00000, GSI 0-23
[    0.000000] ACPI: INT_SRC_OVR (bus 0 bus_irq 0 global_irq 2 dfl dfl)
[    0.000000] ACPI: INT_SRC_OVR (bus 0 bus_irq 9 global_irq 9 low level)
[    0.000000] Using ACPI (MADT) for SMP configuration information
[    0.000000] smpboot: Allowing 2 CPUs, 0 hotplug CPUs
[    0.000000] PM: Registered nosave memory: [mem 0x00000000-0x00000fff]
[    0.000000] PM: Registered nosave memory: [mem 0x0009f000-0x0009ffff]
[    0.000000] PM: Registered nosave memory: [mem 0x000a0000-0x000effff]
[    0.000000] PM: Registered nosave memory: [mem 0x000f0000-0x000fffff]
[    0.000000] e820: [mem 0x60000000-0xfebfffff] available for PCI devices
[    0.000000] Booting paravirtualized kernel on KVM
[    0.000000] clocksource: refined-jiffies: mask: 0xffffffff max_cycles: 0xffffffff, max_idle_ns: 7645519600211568 ns
[    0.000000] setup_percpu: NR_CPUS:512 nr_cpumask_bits:512 nr_cpu_ids:2 nr_node_ids:1
[    0.000000] PERCPU: Embedded 33 pages/cpu @ffff88005fc00000 s95448 r8192 d31528 u1048576
[    0.000000] Built 1 zonelists in Node order, mobility grouping on.  Total pages: 386936
[    0.000000] Policy zone: DMA32
[    0.000000] Kernel command line: BOOT_IMAGE=/boot/vmlinuz-4.4.0-178-generic root=LABEL=cloudimg-rootfs ro console=tty1 console=ttyS0
[    0.000000] PID hash table entries: 4096 (order: 3, 32768 bytes)
[    0.000000] Memory: 1513768K/1572408K available (8626K kernel code, 1336K rwdata, 4036K rodata, 1488K init, 1292K bss, 58640K reserved, 0K cma-reserved)
[    0.000000] SLUB: HWalign=64, Order=0-3, MinObjects=0, CPUs=2, Nodes=1
[    0.000000] Kernel/User page tables isolation: enabled
[    0.000000] Hierarchical RCU implementation.
[    0.000000] 	Build-time adjustment of leaf fanout to 64.
[    0.000000] 	RCU restricting CPUs from NR_CPUS=512 to nr_cpu_ids=2.
[    0.000000] RCU: Adjusting geometry for rcu_fanout_leaf=64, nr_cpu_ids=2
[    0.000000] NR_IRQS:33024 nr_irqs:440 16
[    0.000000] Console: colour VGA+ 80x25
[    0.000000] console [tty1] enabled
[    0.000000] console [ttyS0] enabled
[    0.000000] tsc: Detected 2297.370 MHz processor
[    1.593316] Calibrating delay loop (skipped) preset value.. 4594.74 BogoMIPS (lpj=9189480)
[    1.607841] pid_max: default: 32768 minimum: 301
[    1.614495] ACPI: Core revision 20150930
[    1.621158] ACPI: 2 ACPI AML tables successfully acquired and loaded
[    1.630311] Security Framework initialized
[    1.636046] Yama: becoming mindful.
[    1.641239] AppArmor: AppArmor initialized
[    1.649548] Dentry cache hash table entries: 262144 (order: 9, 2097152 bytes)
[    1.660171] Inode-cache hash table entries: 131072 (order: 8, 1048576 bytes)
[    1.673021] Mount-cache hash table entries: 4096 (order: 3, 32768 bytes)
[    1.681316] Mountpoint-cache hash table entries: 4096 (order: 3, 32768 bytes)
[    1.691169] Initializing cgroup subsys io
[    1.697470] Initializing cgroup subsys memory
[    1.703815] Initializing cgroup subsys devices
[    1.709684] Initializing cgroup subsys freezer
[    1.715480] Initializing cgroup subsys net_cls
[    1.721443] Initializing cgroup subsys perf_event
[    1.727596] Initializing cgroup subsys net_prio
[    1.736980] Initializing cgroup subsys hugetlb
[    1.743006] Initializing cgroup subsys pids
[    1.755320] mce: CPU supports 0 MCE banks
[    1.762434] Last level iTLB entries: 4KB 64, 2MB 8, 4MB 8
[    1.769655] Last level dTLB entries: 4KB 64, 2MB 0, 4MB 0, 1GB 4
[    1.777610] Spectre V1 : Mitigation: usercopy/swapgs barriers and __user pointer sanitization
[    1.789277] Spectre V2 : Mitigation: Full generic retpoline
[    1.796411] Spectre V2 : Spectre v2 / SpectreRSB mitigation: Filling RSB on context switch
[    1.807416] Speculative Store Bypass: Vulnerable
[    1.813983] MDS: Mitigation: Clear CPU buffers
[    1.841005] Freeing SMP alternatives memory: 36K
[    1.887068] ftrace: allocating 32308 entries in 127 pages
[    2.218364] smpboot: APIC(0) Converting physical 0 to logical package 0
[    2.226832] smpboot: Max logical packages: 1
[    2.234413] x2apic enabled
[    2.240288] Switched APIC routing to physical x2apic.
[    2.253516] ..TIMER: vector=0x30 apic1=0 pin1=2 apic2=-1 pin2=-1
[    2.376220] smpboot: CPU0: Intel(R) Xeon(R) CPU E5-2697 v4 @ 2.30GHz (family: 0x6, model: 0x4f, stepping: 0x0)
[    2.391263] Performance Events: unsupported p6 CPU model 79 no PMU driver, software events only.
[    2.451680] KVM setup paravirtual spinlock
[    2.461425] x86: Booting SMP configuration:
[    2.468525] .... node  #0, CPUs:      #1
[    2.483775] kvm-clock: cpu 1, msr 0:5ffe3041, secondary cpu clock
[    2.502196] mce: CPU supports 0 MCE banks
[    2.510229] x86: Booted up 1 node, 2 CPUs
[    2.518022] smpboot: Total of 2 processors activated (9189.48 BogoMIPS)
[    2.531049] devtmpfs: initialized
[    2.538117] evm: security.selinux
[    2.543093] evm: security.SMACK64
[    2.548326] evm: security.SMACK64EXEC
[    2.559220] evm: security.SMACK64TRANSMUTE
[    2.566127] evm: security.SMACK64MMAP
[    2.572082] evm: security.ima
[    2.578983] evm: security.capability
[    2.586221] clocksource: jiffies: mask: 0xffffffff max_cycles: 0xffffffff, max_idle_ns: 7645041785100000 ns
[    2.601469] futex hash table entries: 512 (order: 3, 32768 bytes)
[    2.610196] pinctrl core: initialized pinctrl subsystem
[    2.617561] RTC time: 17:42:47, date: 05/19/20
[    2.624576] NET: Registered protocol family 16
[    2.644007] cpuidle: using governor ladder
[    2.663713] cpuidle: using governor menu
[    2.678559] PCCT header not found.
[    2.683901] ACPI: bus type PCI registered
[    2.692266] acpiphp: ACPI Hot Plug PCI Controller Driver version: 0.5
[    2.706243] PCI: Using configuration type 1 for base access
[    2.726069] ACPI: Added _OSI(Module Device)
[    2.732236] ACPI: Added _OSI(Processor Device)
[    2.738475] ACPI: Added _OSI(3.0 _SCP Extensions)
[    2.745246] ACPI: Added _OSI(Processor Aggregator Device)
[    2.754367] ACPI: Executed 1 blocks of module-level executable AML code
[    2.770981] ACPI: Interpreter enabled
[    2.776431] ACPI: (supports S0 S5)
[    2.781571] ACPI: Using IOAPIC for interrupt routing
[    2.788306] PCI: Using host bridge windows from ACPI; if necessary, use "pci=nocrs" and report a bug
[    2.815218] ACPI: PCI Root Bridge [PCI0] (domain 0000 [bus 00-ff])
[    2.843758] acpi PNP0A03:00: _OSC: OS supports [ASPM ClockPM Segments MSI]
[    2.851918] acpi PNP0A03:00: _OSC: not requesting OS control; OS requires [ExtendedConfig ASPM ClockPM MSI]
[    2.864460] acpi PNP0A03:00: fail to add MMCONFIG information, can't access extended PCI configuration space under this bridge.
[    2.880462] PCI host bridge to bus 0000:00
[    2.886382] pci_bus 0000:00: root bus resource [io  0x0000-0x0cf7 window]
[    2.905603] pci_bus 0000:00: root bus resource [io  0x0d00-0xffff window]
[    2.914432] pci_bus 0000:00: root bus resource [mem 0x000a0000-0x000bffff window]
[    2.924903] pci_bus 0000:00: root bus resource [mem 0x60000000-0xfdffffff window]
[    2.938082] pci_bus 0000:00: root bus resource [bus 00-ff]
[    2.958062] pci 0000:00:01.1: legacy IDE quirk: reg 0x10: [io  0x01f0-0x01f7]
[    2.972907] pci 0000:00:01.1: legacy IDE quirk: reg 0x14: [io  0x03f6]
[    2.981514] pci 0000:00:01.1: legacy IDE quirk: reg 0x18: [io  0x0170-0x0177]
[    2.990382] pci 0000:00:01.1: legacy IDE quirk: reg 0x1c: [io  0x0376]
[    3.175533] pci 0000:00:07.0: quirk: [io  0x4000-0x403f] claimed by PIIX4 ACPI
[    3.187591] pci 0000:00:07.0: quirk: [io  0x4100-0x410f] claimed by PIIX4 SMB
[    3.280088] ACPI: PCI Interrupt Link [LNKA] (IRQs 5 9 10 *11)
[    3.293227] ACPI: PCI Interrupt Link [LNKB] (IRQs 5 9 *10 11)
[    3.313343] ACPI: PCI Interrupt Link [LNKC] (IRQs 5 *9 10 11)
[    3.326635] ACPI: PCI Interrupt Link [LNKD] (IRQs 5 9 10 *11)
[    3.339678] ACPI: Enabled 2 GPEs in block 00 to 07
[    3.352087] vgaarb: setting as boot device: PCI:0000:00:02.0
[    3.360993] vgaarb: device added: PCI:0000:00:02.0,decodes=io+mem,owns=io+mem,locks=none
[    3.374568] vgaarb: loaded
[    3.379299] vgaarb: bridge control possible 0000:00:02.0
[    3.390150] SCSI subsystem initialized
[    3.397379] ACPI: bus type USB registered
[    3.403791] usbcore: registered new interface driver usbfs
[    3.411270] usbcore: registered new interface driver hub
[    3.436580] usbcore: registered new device driver usb
[    3.449683] PCI: Using ACPI for IRQ routing
[    3.459559] NetLabel: Initializing
[    3.465790] NetLabel:  domain hash size = 128
[    3.473193] NetLabel:  protocols = UNLABELED CIPSOv4
[    3.480240] NetLabel:  unlabeled traffic allowed by default
[    3.488541] amd_nb: Cannot enumerate AMD northbridges
[    3.503498] clocksource: Switched to clocksource kvm-clock
[    3.551025] AppArmor: AppArmor Filesystem Enabled
[    3.559476] pnp: PnP ACPI init
[    3.568800] pnp: PnP ACPI: found 3 devices
[    3.584826] clocksource: acpi_pm: mask: 0xffffff max_cycles: 0xffffff, max_idle_ns: 2085701024 ns
[    3.608596] NET: Registered protocol family 2
[    3.621594] TCP established hash table entries: 16384 (order: 5, 131072 bytes)
[    3.652816] TCP bind hash table entries: 16384 (order: 6, 262144 bytes)
[    3.677310] TCP: Hash tables configured (established 16384 bind 16384)
[    3.708885] UDP hash table entries: 1024 (order: 3, 32768 bytes)
[    3.729093] UDP-Lite hash table entries: 1024 (order: 3, 32768 bytes)
[    3.760501] NET: Registered protocol family 1
[    3.766736] pci 0000:00:00.0: Limiting direct PCI/PCI transfers
[    3.779982] pci 0000:00:01.0: Activating ISA DMA hang workarounds
[    3.800669] Unpacking initramfs...
[    4.244480] Freeing initrd memory: 14880K
[    4.266434] clocksource: tsc: mask: 0xffffffffffffffff max_cycles: 0x211d80b59cc, max_idle_ns: 440795216790 ns
[    4.303019] platform rtc_cmos: registered platform RTC device (no PNP device found)
[    4.318998] Scanning for low memory corruption every 60 seconds
[    4.332141] audit: initializing netlink subsys (disabled)
[    4.344663] audit: type=2000 audit(1589910176.718:1): initialized
[    4.360429] Initialise system trusted keyring
[    4.370835] HugeTLB registered 2 MB page size, pre-allocated 0 pages
[    4.393574] zbud: loaded
[    4.399583] VFS: Disk quotas dquot_6.6.0
[    4.406898] VFS: Dquot-cache hash table entries: 512 (order 0, 4096 bytes)
[    4.418210] squashfs: version 4.0 (2009/01/31) Phillip Lougher
[    4.428894] fuse init (API version 7.23)
[    4.436278] Key type big_key registered
[    4.443324] Allocating IMA MOK and blacklist keyrings.
[    4.456849] Key type asymmetric registered
[    4.464586] Asymmetric key parser 'x509' registered
[    4.473001] Block layer SCSI generic (bsg) driver version 0.4 loaded (major 249)
[    4.486373] io scheduler noop registered
[    4.494412] io scheduler deadline registered (default)
[    4.503311] io scheduler cfq registered
[    4.510890] pci_hotplug: PCI Hot Plug PCI Core version: 0.5
[    4.520039] pciehp: PCI Express Hot Plug Controller Driver version: 0.4
[    4.531170] ACPI: AC Adapter [AC] (on-line)
[    4.538859] input: Power Button as /devices/LNXSYSTM:00/LNXPWRBN:00/input/input0
[    4.552333] ACPI: Power Button [PWRF]
[    4.559269] input: Sleep Button as /devices/LNXSYSTM:00/LNXSLPBN:00/input/input1
[    4.576152] ACPI: Sleep Button [SLPF]
[    4.583443] GHES: HEST is not enabled!
[    4.589911] Serial: 8250/16550 driver, 32 ports, IRQ sharing enabled
[    4.640770] 00:02: ttyS0 at I/O 0x3f8 (irq = 4, base_baud = 115200) is a 16550A
[    4.655830] Linux agpgart interface v0.103
[    4.673894] loop: module loaded
[    4.684103] scsi host0: ata_piix
[    4.691988] scsi host1: ata_piix
[    4.698198] ata1: PATA max UDMA/33 cmd 0x1f0 ctl 0x3f6 bmdma 0xd000 irq 14
[    4.717338] ata2: PATA max UDMA/33 cmd 0x170 ctl 0x376 bmdma 0xd008 irq 15
[    4.729090] libphy: Fixed MDIO Bus: probed
[    4.737801] tun: Universal TUN/TAP device driver, 1.6
[    4.746118] tun: (C) 1999-2004 Max Krasnyansky <maxk@qualcomm.com>
[    4.756006] PPP generic driver version 2.4.2
[    4.763744] ehci_hcd: USB 2.0 'Enhanced' Host Controller (EHCI) Driver
[    4.774423] ehci-pci: EHCI PCI platform driver
[    4.782318] ehci-platform: EHCI generic platform driver
[    4.791436] ohci_hcd: USB 1.1 'Open' Host Controller (OHCI) Driver
[    4.801872] ohci-pci: OHCI PCI platform driver
[    4.809797] ohci-platform: OHCI generic platform driver
[    4.819374] uhci_hcd: USB Universal Host Controller Interface driver
[    4.830184] i8042: PNP: PS/2 Controller [PNP0303:PS2K,PNP0f03:PS2M] at 0x60,0x64 irq 1,12
[    4.854741] serio: i8042 KBD port at 0x60,0x64 irq 1
[    4.867675] serio: i8042 AUX port at 0x60,0x64 irq 12
[    4.881897] mousedev: PS/2 mouse device common for all mice
[    4.900237] rtc_cmos rtc_cmos: rtc core: registered rtc_cmos as rtc0
[    4.917761] rtc_cmos rtc_cmos: alarms up to one day, 114 bytes nvram
[    4.930865] input: AT Translated Set 2 keyboard as /devices/platform/i8042/serio0/input/input2
[    4.945982] i2c /dev entries driver
[    4.946150] device-mapper: uevent: version 1.0.3
[    4.947793] device-mapper: ioctl: 4.34.0-ioctl (2015-10-28) initialised: dm-devel@redhat.com
[    4.947840] ledtrig-cpu: registered to indicate activity on CPUs
[    4.948471] NET: Registered protocol family 10
[    4.949101] NET: Registered protocol family 17
[    4.949133] Key type dns_resolver registered
[    4.949625] registered taskstats version 1
[    4.949651] Loading compiled-in X.509 certificates
[    4.950541] Loaded X.509 cert 'Build time autogenerated kernel key: f33c437cc9123d9712070bdfe932b55b24c56047'
[    4.950569] zswap: loaded using pool lzo/zbud
[    4.953661] Key type trusted registered
[    4.958174] Key type encrypted registered
[    4.958181] AppArmor: AppArmor sha1 policy hashing enabled
[    4.958188] ima: No TPM chip found, activating TPM-bypass!
[    4.958193] ima: Allocated hash algorithm: sha1
[    4.958229] evm: HMAC attrs: 0x1
[    4.960150]   Magic number: 4:908:744
[    4.961292] rtc_cmos rtc_cmos: setting system clock to 2020-05-19 17:42:50 UTC (1589910170)
[    4.961445] BIOS EDD facility v0.16 2004-Jun-25, 0 devices found
[    4.961446] EDD information not available.
[    5.176807] Freeing unused kernel memory: 1488K
[    5.204041] Write protecting the kernel read-only data: 14336k
[    5.216474] Freeing unused kernel memory: 1604K
[    5.224242] Freeing unused kernel memory: 60K
Loading, please wait...
starting version 229
[    5.264449] random: udevadm: uninitialized urandom read (16 bytes read, 5 bits of entropy available)
[    5.264780] random: systemd-udevd: uninitialized urandom read (16 bytes read, 5 bits of entropy available)
[    5.266833] random: systemd-udevd: uninitialized urandom read (16 bytes read, 5 bits of entropy available)
[    5.266871] random: systemd-udevd: uninitialized urandom read (16 bytes read, 5 bits of entropy available)
[    5.266885] random: systemd-udevd: uninitialized urandom read (16 bytes read, 5 bits of entropy available)
[    5.354711] random: udevadm: uninitialized urandom read (16 bytes read, 5 bits of entropy available)
[    5.399041] random: systemd-udevd: uninitialized urandom read (16 bytes read, 5 bits of entropy available)
[    5.405270] random: udevadm: uninitialized urandom read (16 bytes read, 5 bits of entropy available)
[    5.405350] random: udevadm: uninitialized urandom read (16 bytes read, 5 bits of entropy available)
[    5.405636] random: udevadm: uninitialized urandom read (16 bytes read, 5 bits of entropy available)
[    5.540496] e1000: Intel(R) PRO/1000 Network Driver - version 7.3.21-k8-NAPI
[    5.550901] e1000: Copyright (c) 1999-2006 Intel Corporation.
[    5.576644] Fusion MPT base driver 3.04.20
[    5.586102] Copyright (c) 1999-2008 LSI Corporation
[    5.622079] Fusion MPT SPI Host driver 3.04.20
[    5.640131] AVX2 version of gcm_enc/dec engaged.
[    5.647681] AES CTR mode by8 optimization enabled
[    5.833563] input: ImExPS/2 Generic Explorer Mouse as /devices/platform/i8042/serio1/input/input4
[    6.573554] e1000 0000:00:03.0 eth0: (PCI:33MHz:32-bit) 02:cb:9c:89:30:63
[    6.586019] e1000 0000:00:03.0 eth0: Intel(R) PRO/1000 Network Connection
[    7.575694] e1000 0000:00:08.0 eth1: (PCI:33MHz:32-bit) 08:00:27:7a:f0:51
[    7.587482] e1000 0000:00:08.0 eth1: Intel(R) PRO/1000 Network Connection
[    7.604576] e1000 0000:00:03.0 enp0s3: renamed from eth0
[    7.612146] mptbase: ioc0: Initiating bringup
[    7.650799] e1000 0000:00:08.0 enp0s8: renamed from eth1
[    7.700498] ioc0: LSI53C1030 A0: Capabilities={Initiator}
[    7.890440] scsi host2: ioc0: LSI53C1030 A0, FwRev=00000000h, Ports=1, MaxQ=256, IRQ=20
[    8.128769] scsi 2:0:0:0: Direct-Access     VBOX     HARDDISK         1.0  PQ: 0 ANSI: 5
[    8.279924] scsi target2:0:0: Beginning Domain Validation
[    8.311789] scsi target2:0:0: Domain Validation skipping write tests
[    8.343089] scsi target2:0:0: Ending Domain Validation
[    8.356790] scsi target2:0:0: asynchronous
[    8.371930] scsi 2:0:1:0: Direct-Access     VBOX     HARDDISK         1.0  PQ: 0 ANSI: 5
[    8.404279] scsi target2:0:1: Beginning Domain Validation
[    8.482122] scsi target2:0:1: Domain Validation skipping write tests
[    8.491155] scsi target2:0:1: Ending Domain Validation
[    8.546857] scsi target2:0:1: asynchronous
[    8.579964] sd 2:0:0:0: Attached scsi generic sg0 type 0
[    8.580733] sd 2:0:0:0: [sda] 20971520 512-byte logical blocks: (10.7 GB/10.0 GiB)
[    8.581191] sd 2:0:0:0: [sda] Write Protect is off
[    8.581549] sd 2:0:0:0: [sda] Incomplete mode parameter data
[    8.581550] sd 2:0:0:0: [sda] Assuming drive cache: write through
[    8.586100]  sda: sda1
[    8.587440] sd 2:0:0:0: [sda] Attached SCSI disk
[    8.723480] sd 2:0:1:0: Attached scsi generic sg1 type 0
[    8.724786] sd 2:0:1:0: [sdb] 20480 512-byte logical blocks: (10.5 MB/10.0 MiB)
[    8.726135] sd 2:0:1:0: [sdb] Write Protect is off
[    8.726566] sd 2:0:1:0: [sdb] Incomplete mode parameter data
[    8.726567] sd 2:0:1:0: [sdb] Assuming drive cache: write through
[    8.738386] sd 2:0:1:0: [sdb] Attached SCSI disk
Begin: Loading essential drivers ... [   11.772587] md: linear personality registered for level -1
[   11.789271] md: multipath personality registered for level -4
[   11.804736] md: raid0 personality registered for level 0
[   11.824962] md: raid1 personality registered for level 1
[   11.910469] raid6: sse2x1   gen()  5875 MB/s
[   11.983955] raid6: sse2x1   xor()  4529 MB/s
[   12.062247] raid6: sse2x2   gen()  7344 MB/s
[   12.144019] raid6: sse2x2   xor()  5674 MB/s
[   12.215706] raid6: sse2x4   gen()  4091 MB/s
[   12.301300] raid6: sse2x4   xor()  7599 MB/s
[   12.373880] raid6: avx2x1   gen() 12580 MB/s
[   12.453948] raid6: avx2x2   gen() 17632 MB/s
[   12.523886] raid6: avx2x4   gen() 18175 MB/s
[   12.531668] raid6: using algorithm avx2x4 gen() 18175 MB/s
[   12.540628] raid6: using avx2x2 recovery algorithm
[   12.552715] xor: automatically using best checksumming function:
[   12.599608]    avx       : 17677.000 MB/sec
[   12.608868] async_tx: api initialized (async)
[   12.646014] md: raid6 personality registered for level 6
[   12.654514] md: raid5 personality registered for level 5
[   12.663410] md: raid4 personality registered for level 4
[   12.698592] md: raid10 personality registered for level 10
done.
Begin: Running /scripts/init-premount ... done.
Begin: Mounting root file system ... Begin: Running /scripts/local-top ... done.
Begin: Running /scripts/local-premount ... [   12.790860] Btrfs loaded
Scanning for Btrfs filesystems
done.
Warning: fsck not present, so skipping root file system
[   12.875661] EXT4-fs (sda1): mounted filesystem with ordered data mode. Opts: (null)
done.
Begin: Running /scripts/local-bottom ... done.
Begin: Running /scripts/init-bottom ... done.
[   13.222672] systemd[1]: systemd 229 running in system mode. (+PAM +AUDIT +SELINUX +IMA +APPARMOR +SMACK +SYSVINIT +UTMP +LIBCRYPTSETUP +GCRYPT +GNUTLS +ACL +XZ -LZ4 +SECCOMP +BLKID +ELFUTILS +KMOD -IDN)
[   13.263749] systemd[1]: Detected virtualization oracle.
[   13.271117] systemd[1]: Detected architecture x86-64.

Welcome to [1mUbuntu 16.04.6 LTS[0m!

[   13.292830] systemd[1]: Set hostname to <ubuntu>.
[   13.313031] systemd[1]: Initializing machine ID from random generator.
[   13.323290] systemd[1]: Installed transient /etc/machine-id file.
[   13.731620] systemd[1]: Listening on Journal Socket (/dev/log).
[[0;32m  OK  [0m] Listening on Journal Socket (/dev/log).
[   13.749982] systemd[1]: Started Forward Password Requests to Wall Directory Watch.
[[0;32m  OK  [0m] Started Forward Password Requests to Wall Directory Watch.
[   13.770895] systemd[1]: Listening on Device-mapper event daemon FIFOs.
[[0;32m  OK  [0m] Listening on Device-mapper event daemon FIFOs.
[   13.788272] systemd[1]: Created slice System Slice.
[[0;32m  OK  [0m] Created slice System Slice.
[   13.802718] systemd[1]: Started Trigger resolvconf update for networkd DNS.
[[0;32m  OK  [0m] Started Trigger resolvconf update for networkd DNS.
[   13.821105] systemd[1]: Set up automount Arbitrary Executable File Formats File System Automount Point.
[[0;32m  OK  [0m] Set up automount Arbitrary Executab...ats File System Automount Point.
[   13.844738] systemd[1]: Created slice system-serial\x2dgetty.slice.
[[0;32m  OK  [0m] Created slice system-serial\x2dgetty.slice.
[   13.862484] systemd[1]: Listening on Syslog Socket.
[[0;32m  OK  [0m] Listening on Syslog Socket.
[   13.878478] systemd[1]: Listening on udev Control Socket.
[[0;32m  OK  [0m] Listening on udev Control Socket.
[   13.894251] systemd[1]: Listening on Journal Socket.
[[0;32m  OK  [0m] Listening on Journal Socket.
[   13.919751] systemd[1]: Starting Nameserver information manager...
         Starting Nameserver information manager...
[   13.937331] systemd[1]: Mounting Huge Pages File System...
         Mounting Huge Pages File System...
[   13.954346] systemd[1]: Starting Remount Root and Kernel File Systems...
[   13.959564] EXT4-fs (sda1): re-mounted. Opts: (null)
         Starting Remount Root and Kernel File Systems...
[   13.981803] systemd[1]: Mounting Debug File System...
         Mounting Debug File System...
[   13.997918] systemd[1]: Reached target Encrypted Volumes.
[[0;32m  OK  [0m] Reached target Encrypted Volumes.
[   14.015477] systemd[1]: Created slice User and Session Slice.
[[0;32m  OK  [0m] Created slice User and Session Slice.
[   14.034103] systemd[1]: Reached target Slices.
[[0;32m  OK  [0m] Reached target Slices.
[   14.048935] systemd[1]: Listening on /dev/initctl Compatibility Named Pipe.
[[0;32m  OK  [0m] Listening on /dev/initctl Compatibility Named Pipe.
[   14.069724] systemd[1]: Listening on LVM2 poll daemon socket.
[[0;32m  OK  [0m] Listening on LVM2 poll daemon socket.
[   14.088010] systemd[1]: Listening on udev Kernel Socket.
[[0;32m  OK  [0m] Listening on udev Kernel Socket.
[   14.104155] systemd[1]: Listening on LVM2 metadata daemon socket.
[[0;32m  OK  [0m] Listening on LVM2 metadata daemon socket.
[   14.124714] random: nonblocking pool is initialized
[   14.135240] systemd[1]: Listening on Journal Audit Socket.
[[0;32m  OK  [0m] Listening on Journal Audit Socket.
[   14.163929] systemd[1]: Starting Journal Service...
         Starting Journal Service...
[   14.180579] systemd[1]: Starting Uncomplicated firewall...
         Starting Uncomplicated firewall...
[   14.200470] systemd[1]: Reached target User and Group Name Lookups.
[[0;32m  OK  [0m] Reached target User and Group Name Lookups.
[   14.220943] systemd[1]: Reached target System Time Synchronized.
[[0;32m  OK  [0m] Reached target System Time Synchronized.
[   14.252019] systemd[1]: Starting Set console keymap...
         Starting Set console keymap...
[   14.270727] systemd[1]: Reached target Swap.
[[0;32m  OK  [0m] Reached target Swap.
[   14.289684] systemd[1]: Starting Load Kernel Modules...
         Starting Load Kernel Modules...[   14.311607] Loading iSCSI transport class v2.0-870.

[   14.321592] systemd[1]: Starting Monitoring of LVM2 mirrors, snapshots etc. using dmeventd or progress polling...
         Starting Monitoring of LVM2 mirrors... dmeventd or progress polling...
[   14.350825] systemd[1]: Starting Create list of required static device nodes for the current kernel...
         Starting Create list of required st... nodes for the current kernel...[   14.380944] iscsi: registered transport (tcp)

[   14.388986] systemd[1]: Mounting POSIX Message Queue File System...
         Mounting POSIX Message Queue File System...
[   14.416229] systemd[1]: Mounted POSIX Message Queue File System.
[[0;32m  OK  [0m] Mounted POSIX Message Queue File System.
[   14.445077] systemd[1]: Mounted Debug File System.
[[0;32m  OK  [0m] Mounted Debug File System.
[   14.463363] systemd[1]: Mounted Huge Pages File System.
[[0;32m  OK  [0m] Mounted Huge Pages File System.
[   14.483040] systemd[1]: Started Journal Service.
[[0;32m  OK  [0m] Started Journal Service.
[   14.522748] iscsi: registered transport (iser)
[[0;32m  OK  [0m] Started Remount Root and Kernel File Systems.
[[0;32m  OK  [0m] Started Uncomplicated firewall.
[[0;32m  OK  [0m] Started Set console keymap.
[[0;32m  OK  [0m] Started Load Kernel Modules.
[[0;32m  OK  [0m] Started Create list of required sta...ce nodes for the current kernel.
[[0;32m  OK  [0m] Started Nameserver information manager.
[[0;32m  OK  [0m] Started LVM2 metadata daemon.
         Starting Create Static Device Nodes in /dev...
         Starting Apply Kernel Variables...
         Mounting FUSE Control File System...
         Starting udev Coldplug all Devices...
         Starting Load/Save Random Seed...
         Starting Flush Journal to Persistent Storage...
[[0;32m  OK  [0m] Mounted FUSE Control File System.
[[0;32m  OK  [0m] Started Apply Kernel Variables.
[[0;32m  OK  [0m] Started Load/Save Random Seed.
[[0;32m  OK  [0m] Started Create Static Device Nodes in /dev.
         Starting udev Kernel Device Manager...
[[0;32m  OK  [0m] Started Flush Journal to Persistent Storage.
[[0;32m  OK  [0m] Started udev Coldplug all Devices.
[[0;32m  OK  [0m] Started udev Kernel Device Manager.
[[0;32m  OK  [0m] Started Dispatch Password Requests to Console Directory Watch.
[[0;32m  OK  [0m] Found device /dev/ttyS0.
[[0;32m  OK  [0m] Started Monitoring of LVM2 mirrors,...ng dmeventd or progress polling.
[[0;32m  OK  [0m] Reached target Local File Systems (Pre).
[[0;32m  OK  [0m] Reached target Local File Systems.
         Starting LSB: AppArmor initialization...
         Starting Initial cloud-init job (pre-networking)...
         Starting Commit a transient machine-id on disk...
         Starting Tell Plymouth To Write Out Runtime Data...
         Starting Create Volatile Files and Directories...
         Starting Set console font and keymap...
[[0;32m  OK  [0m] Started Tell Plymouth To Write Out Runtime Data.
[[0;32m  OK  [0m] Started Commit a transient machine-id on disk.
[[0;32m  OK  [0m] Started Create Volatile Files and Directories.
         Starting Update UTMP about System Boot/Shutdown...
[[0;32m  OK  [0m] Listening on Load/Save RF Kill Switch Status /dev/rfkill Watch.
[   15.402548] [[0;32m  OK  [0m] Started LSB: AppArmor initialization.
cloud-init[526]: Cloud-init v. 19.4-33-gbb4131a2-0ubuntu1~16.04.1 running 'init-local' at Tue, 19 May 2020 17:43:02 +0000. Up 14.75 seconds.
[[0;32m  OK  [0m] Started Update UTMP about System Boot/Shutdown.
[[0;32m  OK  [0m] Started Initial cloud-init job (pre-networking).
[[0;32m  OK  [0m] Reached target Network (Pre).
         Starting Raise network interfaces...
[[0;32m  OK  [0m] Started Raise network interfaces.
[[0;32m  OK  [0m] Reached target Network.
         Starting Initial cloud-init job (metadata service crawler)...
[[0;32m  OK  [0m] Started Set console font and keymap.
[[0;32m  OK  [0m] Created slice system-getty.slice.
[   19.952132] cloud-init[954]: Cloud-init v. 19.4-33-gbb4131a2-0ubuntu1~16.04.1 running 'init' at Tue, 19 May 2020 17:43:06 +0000. Up 19.05 seconds.
[   19.999337] cloud-init[954]: ci-info: ++++++++++++++++++++++++++++++++++++++Net device info+++++++++++++++++++++++++++++++++++++++
[   20.043070] cloud-init[954]: ci-info: +--------+-------+----------------------------+---------------+--------+-------------------+
[   20.044977] cloud-init[954]: ci-info: | Device |   Up  |          Address           |      Mask     | Scope  |     Hw-Address    |
[   20.046255] cloud-init[954]: ci-info: +--------+-------+----------------------------+---------------+--------+-------------------+
[   20.046368] cloud-init[954]: ci-info: | enp0s3 |  True |         10.0.2.15          | 255.255.255.0 | global | 02:cb:9c:89:30:63 |
[   20.046489] cloud-init[954]: ci-info: | enp0s3 |  True | fe80::cb:9cff:fe89:3063/64 |       .       |  link  | 02:cb:9c:89:30:63 |
[   20.046653] cloud-init[954]: ci-info: | enp0s8 | False |             .              |       .       |   .    | 08:00:27:7a:f0:51 |
[   20.046777] cloud-init[954]: ci-info: |   lo   |  True |         127.0.0.1          |   255.0.0.0   |  host  |         .         |
[   20.046884] cloud-init[954]: ci-info: |   lo   |  True |          ::1/128           |       .       |  host  |         .         |
[   20.047002] cloud-init[954]: ci-info: +--------+-------+----------------------------+---------------+--------+-------------------+
[   20.047116] cloud-init[954]: ci-info: +++++++++++++++++++++++++++Route IPv4 info++++++++++++++++++++++++++++
[   20.047235] cloud-init[954]: ci-info: +-------+-------------+----------+---------------+-----------+-------+
[   20.047347] cloud-init[954]: ci-info: | Route | Destination | Gateway  |    Genmask    | Interface | Flags |
[   20.047465] cloud-init[954]: ci-info: +-------+-------------+----------+---------------+-----------+-------+
[   20.047569] cloud-init[954]: ci-info: |   0   |   0.0.0.0   | 10.0.2.2 |    0.0.0.0    |   enp0s3  |   UG  |
[   20.047693] cloud-init[954]: ci-info: |   1   |   10.0.2.0  | 0.0.0.0  | 255.255.255.0 |   enp0s3  |   U   |
[   20.047801] cloud-init[954]: ci-info: +-------+-------------+----------+---------------+-----------+-------+
[   20.047936] cloud-init[954]: ci-info: +++++++++++++++++++Route IPv6 info+++++++++++++++++++
[   20.048054] cloud-init[954]: ci-info: +-------+-------------+---------+-----------+-------+
[   20.048157] cloud-init[954]: ci-info: | Route | Destination | Gateway | Interface | Flags |
[   20.048259] cloud-init[954]: ci-info: +-------+-------------+---------+-----------+-------+
[   20.048375] cloud-init[954]: ci-info: |   0   |  fe80::/64  |    ::   |   enp0s3  |   U   |
[   20.048517] cloud-init[954]: ci-info: |   3   |   ff00::/8  |    ::   |   enp0s3  |   U   |
[   20.048633] cloud-init[954]: ci-info: +-------+-------------+---------+-----------+-------+
[   20.048755] cloud-init[954]: Generating public/private rsa key pair.
[   20.048859] cloud-init[954]: Your identification has been saved in /etc/ssh/ssh_host_rsa_key.
[   20.048988] cloud-init[954]: Your public key has been saved in /etc/ssh/ssh_host_rsa_key.pub.
[   20.049128] cloud-init[954]: The key fingerprint is:
[   20.049235] cloud-init[954]: SHA256:WUraHEFjguSR2F9h1noOX/i5mbEkCOOx/a2Wrak96WA root@ubuntu-xenial
[   20.049357] cloud-init[954]: The key's randomart image is:
[   20.049461] cloud-init[954]: +---[RSA 2048]----+
[   20.049582] cloud-init[954]: |   +oo..Oo       |
[   20.049707] cloud-init[954]: |  ..+. =.o.      |
[   20.049814] cloud-init[954]: |    .. .o...     |
[   20.049931] cloud-init[954]: |      ==o=o .    |
[   20.050035] cloud-init[954]: |     ..*S* o .   |
[   20.050154] cloud-init[954]: |      o o + =    |
[   20.050278] cloud-init[954]: |        E. B *   |
[   20.050402] cloud-init[954]: |       . o*.B    |
[   20.050530] cloud-init[954]: |        .+*+     |
[   20.050657] cloud-init[954]: +----[SHA256]-----+
[   20.050777] cloud-init[954]: Generating public/private dsa key pair.
[   20.050881] cloud-init[954]: Your identification has been saved in /etc/ssh/ssh_host_dsa_key.
[   20.051000] cloud-init[954]: Your public key has been saved in /etc/ssh/ssh_host_dsa_key.pub.
[   20.051105] cloud-init[954]: The key fingerprint is:
[   20.051229] cloud-init[954]: SHA256:+i+5oB7eE9NHVX0r8ButIGVTzOG9ZFOsLatb6e9oi/g root@ubuntu-xenial[[0;32m  OK  [0m] Started Initial cloud-init job (metadata service crawler).
[[0;32m  OK  [0m] Reached target Cloud-config availability.
[[0;32m  OK  [0m] Reached target Network is Online.

         Starting iSCSI initiator daemon (iscsid)...[   20.791265] cloud-init[954]: The key's randomart image is:
[   20.797601] cloud-init[954]: +---[DSA 1024]----+
[   20.799691] cloud-init[954]: |            ++oo.|

[   20.799861] cloud-init[954]: |           =oo. =|
[[0;32m  OK  [0m] Reached target System Initialization.
[   20.840655] cloud-init[954]: |          o.+..Bo|
[   20.857910] cloud-init[954]: |         ... +=o+|
[   20.859212] cloud-init[954]: |       .S.. . =+ |
[   20.859283] cloud-init[954]: |      o.. .  o.. |
[   20.859353] cloud-init[954]: |    . oo o   .o  |
[   20.859423] cloud-init[954]: |   . +.oo  ..+.. |
[   20.859486] cloud-init[954]: |   .+ ..o+o.Eo++o|
[   20.859553] cloud-init[954]: +----[SHA256]-----+
[   20.859618] cloud-init[954]: Generating public/private ecdsa key pair.
[   20.859695] cloud-init[954]: Your identification has been saved in /etc/ssh/ssh_host_ecdsa_key.
[   20.859762] cloud-init[954]: Your public key has been saved in /etc/ssh/ssh_host_ecdsa_key.pub.
[   20.859825] cloud-init[954]: The key fingerprint is:
[   20.859893] cloud-init[954]: SHA256:hv8JDPYr3IrAfrrMIRTz4My9mRqfeOPvwqDRLLkYnQg root@ubuntu-xenial
[   20.859985] cloud-init[954]: The key's randomart image is:
[   20.860056] cloud-init[954]: +---[ECDSA 256]---+
[   20.860129] cloud-init[954]: |                 |
[   20.860199] cloud-init[954]: |                 |
[   20.860256] cloud-init[954]: | +               |
[   20.860313] cloud-init[954]: |E *    .         |
[   20.860406] cloud-init[954]: |.@ +  + S        |
[   20.860512] cloud-init[954]: |Bo= +. *         |
[   20.860599] cloud-init[954]: |+**+ . .=        |
[   20.860706] cloud-init[954]: |+==Bo.o .+ .     |
[   20.860793] cloud-init[954]: | oOB*o.o. o      |
[   20.860905] cloud-init[954]: +----[SHA256]-----+
[   20.861033] cloud-init[954]: Generating public/private ed25519 key pair.
[   20.861144] cloud-init[954]: Your identification has been saved in /etc/ssh/ssh_host_ed25519_key.
[   20.861235] cloud-init[954]: Your public key has been saved in /etc/ssh/ssh_host_ed25519_key.pub.
[   20.861341] cloud-init[954]: The key fingerprint is:
[   20.861428] cloud-init[954]: SHA256:luW4Ufzq+uzKVVpvWQK1agYsot2aSxew56WfR1QXiH8 root@ubuntu-xenial
[   20.861539] cloud-init[954]: The key's randomart image is:
[   20.861623] cloud-init[954]: +--[ED25519 256]--+
[   20.861730] cloud-init[954]: |            . o..|
[   20.861841] cloud-init[954]: |         o . o...|
[   20.862501] cloud-init[954]: |      o . * o... |
[[0;32m  OK  [0m] Started Daily apt download activities.
[   20.862948] cloud-init[954]: |     o = B o.+ E |
[[0;32m  OK  [0m] Listening on D-Bus System Message Bus Socket.
[   21.487415] cloud-init[954]: |    . o S o.B o .|
[[0;32m  OK  [0m] Listening on ACPID Listen Socket.
[   21.550357] cloud-init[954]: |       * * B.. + |
[   21.577044] cloud-init[954]: |      + = +.  +  |
         Starting Socket activation for snappy daemon.
[   21.594511] cloud-init[954]: |     . + = ...   |
[   21.629039] cloud-init[954]: |      . +=B.     |
[   21.629223] cloud-init[954]: +----[SHA256]-----+
         Starting LXD - unix socket.
[[0;32m  OK  [0m] Listening on UUID daemon activation socket.
[[0;32m  OK  [0m] Started Daily apt upgrade and clean activities.
[[0;32m  OK  [0m] Started ACPI Events Check.
[[0;32m  OK  [0m] Reached target Paths.
[[0;32m  OK  [0m] Started Daily Cleanup of Temporary Directories.
[[0;32m  OK  [0m] Started Message of the Day.
[[0;32m  OK  [0m] Reached target Timers.
[[0;32m  OK  [0m] Listening on Socket activation for snappy daemon.
[[0;32m  OK  [0m] Listening on LXD - unix socket.
[[0;32m  OK  [0m] Reached target Sockets.
[[0;32m  OK  [0m] Reached target Basic System.
[[0;32m  OK  [0m] Started FUSE filesystem for LXC.
         Starting /etc/rc.local Compatibility...
         Starting Virtualbox guest utils...
         Starting LSB: MD monitoring daemon...
[[0;32m  OK  [0m] Started Regular background program processing daemon.
[[0;32m  OK  [0m] Started ACPI event daemon.
         Starting Pollinate to seed the pseudo random number generator...
         Starting System Logging Service...
[[0;32m  OK  [0m] Started D-Bus System Message Bus.
         Starting LXD - container startup/shutdown...
         Starting Accounts Service...
         Starting Snappy daemon...
         Starting Login Service...
         Starting LSB: Record successful boot for GRUB...
[[0;32m  OK  [0m] Started Deferred execution scheduler.
[[0;32m  OK  [0m] Started System Logging Service.
[[0;32m  OK  [0m] Started iSCSI initiator daemon (iscsid).
[[0;32m  OK  [0m] Started /etc/rc.local Compatibility.
         Starting Login to default iSCSI targets...
[[0;32m  OK  [0m] Started Login Service.
[[0;32m  OK  [0m] Started Unattended Upgrades Shutdown.
[[0;32m  OK  [0m] Started LSB: Record successful boot for GRUB.
[[0;32m  OK  [0m] Started LSB: MD monitoring daemon.
[[0;32m  OK  [0m] Started Login to default iSCSI targets.
[[0;32m  OK  [0m] Reached target Remote File Systems (Pre).
[[0;32m  OK  [0m] Reached target Remote File Systems.
         Starting LSB: automatic crash report generation...
         Starting LSB: daemon to balance interrupts for SMP systems...
         Starting Permit User Sessions...
         Starting LSB: Set the CPU Frequency Scaling governor to "ondemand"...
[[0;32m  OK  [0m] Started Virtualbox guest utils.
[[0;32m  OK  [0m] Started Permit User Sessions.
         Starting Authenticate and Authorize Users to Run Privileged Tasks...
         Starting Terminate Plymouth Boot Screen...
         Starting Hold until boot process finishes up...
[[0;32m  OK  [0m] Started LSB: automatic crash report generation.
[[0;32m  OK  [0m] Started LSB: daemon to balance interrupts for SMP systems.
[[0;32m  OK  [0m] Started Pollinate to seed the pseudo random number generator.
[[0;32m  OK  [0m] Started LXD - container startup/shutdown.
[[0;32m  OK  [0m] Started LSB: Set the CPU Frequency Scaling governor to "ondemand".
[[0;32m  OK  [0m] Started Terminate Plymouth Boot Screen.
[[0;32m  OK  [0m] Started Hold until boot process finishes up.
[[0;32m  OK  [0m] Started Authenticate and Authorize Users to Run Privileged Tasks.
[[0;32m  OK  [0m] Started Accounts Service.
[[0;32m  OK  [0m] Started Getty on tty1.
         Starting Set console scheme...
[[0;32m  OK  [0m] Started Serial Getty on ttyS0.
[[0;32m  OK  [0m] Reached target Login Prompts.
         Starting OpenBSD Secure Shell server...
[[0;32m  OK  [0m] Started Set console scheme.
[[0;32m  OK  [0m] Started Snappy daemon.
         Starting Wait until snapd is fully seeded...
[[0;32m  OK  [0m] Started OpenBSD Secure Shell server.
[[0;32m  OK  [0m] Created slice User Slice of vagrant.
         Starting User Manager for UID 1000...
[[0;32m  OK  [0m] Started Session 1 of user vagrant.
[[0;32m  OK  [0m] Started User Manager for UID 1000.
[[0;32m  OK  [0m] Started Wait until snapd is fully seeded.
         Starting Apply the settings specified in cloud-config...
[[0;32m  OK  [0m] Reached target Multi-User System.
[[0;32m  OK  [0m] Reached target Graphical Interface.
         Starting Update UTMP about System Runlevel Changes...
[[0;32m  OK  [0m] Started Update UTMP about System Runlevel Changes.
[   25.960595] cloud-init[1383]: Generating locales (this might take a while)...
         Starting Hostname Service...
[[0;32m  OK  [0m] Started Hostname Service.
[   27.594624] cloud-init[1383]:   en_US.UTF-8... done
[   27.610507] cloud-init[1383]: Generation complete.
[   28.214016] cloud-init[1383]: Cloud-init v. 19.4-33-gbb4131a2-0ubuntu1~16.04.1 running 'modules:config' at Tue, 19 May 2020 17:43:13 +0000. Up 25.70 seconds.
[[0;32m  OK  [0m] Started Apply the settings specified in cloud-config.
         Starting Execute cloud user/final scripts...
ci-info: no authorized SSH keys fingerprints found for user ubuntu.
<14>May 19 17:43:16 ec2: 
<14>May 19 17:43:16 ec2: #############################################################
<14>May 19 17:43:16 ec2: -----BEGIN SSH HOST KEY FINGERPRINTS-----
<14>May 19 17:43:16 ec2: 1024 SHA256:+i+5oB7eE9NHVX0r8ButIGVTzOG9ZFOsLatb6e9oi/g root@ubuntu-xenial (DSA)
<14>May 19 17:43:16 ec2: 256 SHA256:hv8JDPYr3IrAfrrMIRTz4My9mRqfeOPvwqDRLLkYnQg root@ubuntu-xenial (ECDSA)
<14>May 19 17:43:16 ec2: 256 SHA256:luW4Ufzq+uzKVVpvWQK1agYsot2aSxew56WfR1QXiH8 root@ubuntu-xenial (ED25519)
<14>May 19 17:43:16 ec2: 2048 SHA256:WUraHEFjguSR2F9h1noOX/i5mbEkCOOx/a2Wrak96WA root@ubuntu-xenial (RSA)
<14>May 19 17:43:16 ec2: -----END SSH HOST KEY FINGERPRINTS-----
<14>May 19 17:43:16 ec2: #############################################################
-----BEGIN SSH HOST KEY KEYS-----
ecdsa-sha2-nistp256 AAAAE2VjZHNhLXNoYTItbmlzdHAyNTYAAAAIbmlzdHAyNTYAAABBBOtFRZqjj4lvX9DQHySkY/GdJv7jATSjUaYskRQOHo/qOii82yVqWExHsgoLeQAvTXb7jNhJ/DZBQKkvY55g+k8= root@ubuntu-xenial
ssh-ed25519 AAAAC3NzaC1lZDI1NTE5AAAAIGTRuRj+QXfW3RtIltiDkqTF9I6uunQfLnmvEGtNrFGn root@ubuntu-xenial
ssh-rsa AAAAB3NzaC1yc2EAAAADAQABAAABAQC2olKGFyNKaGwbXt4RpMF+xlUdlhIl5ON7Bk1XIwJrcMDqN72CCf8xeh/pwQNTMsTJk+3Zbv2E1t7lU3NGRFSjVpdxbpcjN5c6FWEqPaNooF36irTCIOM+kJb9RhaU0kHPlZQcomMRPygq9uaVhm/Wwy7CCM6tV5abF4HW6nJcyasUSaPoCzDolk45siMy5fec2slcEpC/znT6dOCcV/H7i77ohlWyfMxGCnq3dr7mnyScn3vlt53hDpZUE6HThRPDoMMNZFwRhj3urKXr14nkXkQhUVa8DYEvXMvPTx6ps0L4WvnqmSTvLaE0qSWavIFCJUnDRVdsXSSOC3JUfSo/ root@ubuntu-xenial
-----END SSH HOST KEY KEYS-----
[   29.102513] cloud-init[1669]: Cloud-init v. 19.4-33-gbb4131a2-0ubuntu1~16.04.1 running 'modules:final' at Tue, 19 May 2020 17:43:16 +0000. Up 28.84 seconds.
[   29.102956] cloud-init[1669]: ci-info: no authorized SSH keys fingerprints found for user ubuntu.
[   29.103148] cloud-init[1669]: Cloud-init v. 19.4-33-gbb4131a2-0ubuntu1~16.04.1 finished at Tue, 19 May 2020 17:43:17 +0000. Datasource DataSourceNoCloud [seed=/dev/sdb][dsmode=net].  Up 29.07 seconds

Ubuntu 16.04.6 LTS coen-test-dbsrv01 ttyS0

coen-test-dbsrv01 login: 